2023-09-05 18:39:20 [@DELL-MINI-PC]
[login] 3: glpi fez login no IP ::1
2023-09-06 10:32:13 [2@DELL-MINI-PC]
[setup] 3: glpi editou a configuração de notificações de e-mails
2023-09-06 10:59:24 [2@DELL-MINI-PC]
[setup] [Plugin 14] 3: Plugin Mais Relatórios foi instalado por glpi (2).
2023-09-06 10:59:33 [2@DELL-MINI-PC]
[setup] [Plugin 15] 3: Plugin Mais Relatórios foi instalado por glpi (2).
2023-09-06 10:59:34 [2@DELL-MINI-PC]
[setup] [Plugin 16] 3: Plugin Mais Relatórios foi ativado por glpi (2).
2023-09-06 11:17:20 [2@DELL-MINI-PC]
[setup] [Plugin 17] 3: Plugin Oauth IMAP foi instalado por glpi (2).
2023-09-06 11:17:23 [2@DELL-MINI-PC]
[setup] [Plugin 18] 3: Plugin Oauth IMAP foi ativado por glpi (2).
2023-09-06 15:18:47 [@DELL-MINI-PC]
[login] 3: glpi fez login no IP ::1
2023-09-06 16:38:33 [@DELL-MINI-PC]
[login] 3: glpi fez login no IP ::1
2023-09-06 17:09:51 [@DELL-MINI-PC]
[login] 3: glpi fez login no IP ::1
2023-09-13 10:05:32 [2@DELL-MINI-PC]
[setup] 3: glpi editou a configuração de notificações de e-mails
2023-09-13 14:07:38 [@DELL-MINI-PC]
[login] 3: glpi fez login no IP ::1
2023-09-14 10:16:02 [2@DELL-MINI-PC]
[setup] [Plugin 155] 3: Plugin Custom Login foi instalado por glpi (2).
2023-09-14 10:16:05 [2@DELL-MINI-PC]
[setup] [Plugin 156] 3: Plugin Custom Login foi ativado por glpi (2).
2023-09-14 10:20:40 [@DELL-MINI-PC]
[login] 3: glpi fez login no IP ::1
2023-09-14 10:45:20 [@DELL-MINI-PC]
[login] 3: glpi fez login no IP ::1
2023-09-14 10:50:57 [@DELL-MINI-PC]
[login] 3: glpi fez login no IP ::1
2023-09-14 10:54:13 [@DELL-MINI-PC]
[login] 3: glpi fez login no IP ::1
2023-09-14 10:55:33 [@DELL-MINI-PC]
[login] 3: glpi fez login no IP ::1
2023-09-14 10:59:04 [@DELL-MINI-PC]
[login] 3: Login falhou para  no IP ::1
2023-09-14 10:59:11 [@DELL-MINI-PC]
[login] 3: glpi fez login no IP ::1
2023-09-14 11:02:34 [@DELL-MINI-PC]
[login] 3: glpi fez login no IP ::1
