2023-09-06 13:25:33 [2@DELL-MINI-PC]
Um e-mail para tecnorav.teste@gmail.com foi adicionado à fila: [GLPI #0000001] 
2023-09-06 13:25:33 [2@DELL-MINI-PC]
Um e-mail para felipe.mariano1903@gmail.com foi adicionado à fila: [GLPI #0000001] 
2023-09-06 13:27:48 [2@DELL-MINI-PC]
Um e-mail foi enviado para tecnorav.teste@gmail.com: [GLPI #0000001] 
2023-09-06 13:27:52 [2@DELL-MINI-PC]
Um e-mail foi enviado para felipe.mariano1903@gmail.com: [GLPI #0000001] 
2023-09-06 13:33:46 [2@DELL-MINI-PC]
Um e-mail para tecnorav.teste@gmail.com foi adicionado à fila: [GLPI #0000001] Novo acompanhamento Verificando a abertura de chamados por email
2023-09-06 13:33:46 [2@DELL-MINI-PC]
Um e-mail para felipe.mariano1903@gmail.com foi adicionado à fila: [GLPI #0000001] Novo acompanhamento Verificando a abertura de chamados por email
2023-09-06 13:34:24 [2@DELL-MINI-PC]
Um e-mail foi enviado para tecnorav.teste@gmail.com: [GLPI #0000001] Novo acompanhamento Verificando a abertura de chamados por email
2023-09-06 13:34:27 [2@DELL-MINI-PC]
Um e-mail foi enviado para felipe.mariano1903@gmail.com: [GLPI #0000001] Novo acompanhamento Verificando a abertura de chamados por email
2023-09-06 13:38:56 [2@DELL-MINI-PC]
Um e-mail para tecnorav.teste@gmail.com foi adicionado à fila: [GLPI #0000001] Novo acompanhamento Verificando a abertura de chamados por email
2023-09-06 13:38:56 [2@DELL-MINI-PC]
Um e-mail para felipe.mariano1903@gmail.com foi adicionado à fila: [GLPI #0000001] Novo acompanhamento Verificando a abertura de chamados por email
2023-09-06 13:39:21 [2@DELL-MINI-PC]
Um e-mail foi enviado para tecnorav.teste@gmail.com: [GLPI #0000001] Novo acompanhamento Verificando a abertura de chamados por email
2023-09-06 13:39:25 [2@DELL-MINI-PC]
Um e-mail foi enviado para felipe.mariano1903@gmail.com: [GLPI #0000001] Novo acompanhamento Verificando a abertura de chamados por email
2023-09-06 13:41:56 [2@DELL-MINI-PC]
Um e-mail para tecnorav.teste@gmail.com foi adicionado à fila: [GLPI #0000001] Novo acompanhamento Verificando a abertura de chamados por email
2023-09-06 13:41:56 [2@DELL-MINI-PC]
Um e-mail para felipe.mariano1903@gmail.com foi adicionado à fila: [GLPI #0000001] Novo acompanhamento Verificando a abertura de chamados por email
2023-09-06 13:42:44 [2@DELL-MINI-PC]
Um e-mail foi enviado para tecnorav.teste@gmail.com: [GLPI #0000001] Novo acompanhamento Verificando a abertura de chamados por email
2023-09-06 13:42:48 [2@DELL-MINI-PC]
Um e-mail foi enviado para felipe.mariano1903@gmail.com: [GLPI #0000001] Novo acompanhamento Verificando a abertura de chamados por email
2023-09-06 15:41:07 [@DELL-MINI-PC]
Um e-mail para tecnorav.teste@gmail.com foi adicionado à fila: [GLPI #0000002] 
2023-09-06 15:41:07 [@DELL-MINI-PC]
Um e-mail para felipe.mariano1903@gmail.com foi adicionado à fila: [GLPI #0000002] 
2023-09-06 15:41:13 [@DELL-MINI-PC]
Um e-mail foi enviado para tecnorav.teste@gmail.com: [GLPI #0000002] 
2023-09-06 15:41:16 [@DELL-MINI-PC]
Um e-mail foi enviado para felipe.mariano1903@gmail.com: [GLPI #0000002] 
2023-09-06 15:46:23 [2@DELL-MINI-PC]
Um e-mail para tecnorav.teste@gmail.com foi adicionado à fila: [GLPI #0000002] Novo acompanhamento Enviando email para teste de Scrip cron.php
2023-09-06 15:46:23 [2@DELL-MINI-PC]
Um e-mail para felipe.mariano1903@gmail.com foi adicionado à fila: [GLPI #0000002] Novo acompanhamento Enviando email para teste de Scrip cron.php
2023-09-06 15:47:10 [@DELL-MINI-PC]
Um e-mail foi enviado para tecnorav.teste@gmail.com: [GLPI #0000002] Novo acompanhamento Enviando email para teste de Scrip cron.php
2023-09-06 15:47:14 [@DELL-MINI-PC]
Um e-mail foi enviado para felipe.mariano1903@gmail.com: [GLPI #0000002] Novo acompanhamento Enviando email para teste de Scrip cron.php
2023-09-06 16:41:08 [@DELL-MINI-PC]
Um e-mail para tecnorav.teste@gmail.com foi adicionado à fila: [GLPI #0000003] 
2023-09-06 16:41:08 [@DELL-MINI-PC]
Um e-mail para felipe.mariano1903@gmail.com foi adicionado à fila: [GLPI #0000003] 
2023-09-06 16:41:14 [@DELL-MINI-PC]
Um e-mail foi enviado para tecnorav.teste@gmail.com: [GLPI #0000003] 
2023-09-06 16:41:17 [@DELL-MINI-PC]
Um e-mail foi enviado para felipe.mariano1903@gmail.com: [GLPI #0000003] 
2023-09-06 16:42:48 [2@DELL-MINI-PC]
Um e-mail para tecnorav.teste@gmail.com foi adicionado à fila: [GLPI #0000003] Encerramento do chamado Teste de abertura
2023-09-06 16:42:49 [2@DELL-MINI-PC]
Um e-mail para felipe.mariano1903@gmail.com foi adicionado à fila: [GLPI #0000003] Encerramento do chamado Teste de abertura
2023-09-06 16:43:08 [@DELL-MINI-PC]
Um e-mail para tecnorav.teste@gmail.com foi adicionado à fila: [GLPI #0000004] 
2023-09-06 16:43:08 [@DELL-MINI-PC]
Um e-mail para felipe.mariano1903@gmail.com foi adicionado à fila: [GLPI #0000004] 
2023-09-06 16:43:13 [@DELL-MINI-PC]
Um e-mail foi enviado para tecnorav.teste@gmail.com: [GLPI #0000003] Encerramento do chamado Teste de abertura
2023-09-06 16:43:17 [@DELL-MINI-PC]
Um e-mail foi enviado para felipe.mariano1903@gmail.com: [GLPI #0000003] Encerramento do chamado Teste de abertura
2023-09-06 16:43:21 [@DELL-MINI-PC]
Um e-mail foi enviado para tecnorav.teste@gmail.com: [GLPI #0000004] 
2023-09-06 16:43:24 [@DELL-MINI-PC]
Um e-mail foi enviado para felipe.mariano1903@gmail.com: [GLPI #0000004] 
2023-09-06 16:44:39 [2@DELL-MINI-PC]
Um e-mail para tecnorav.teste@gmail.com foi adicionado à fila: [GLPI #0000004] Novo acompanhamento Teste
2023-09-06 16:44:39 [2@DELL-MINI-PC]
Um e-mail para felipe.mariano1903@gmail.com foi adicionado à fila: [GLPI #0000004] Novo acompanhamento Teste
2023-09-06 16:45:10 [@DELL-MINI-PC]
Um e-mail foi enviado para tecnorav.teste@gmail.com: [GLPI #0000004] Novo acompanhamento Teste
2023-09-06 16:45:14 [@DELL-MINI-PC]
Um e-mail foi enviado para felipe.mariano1903@gmail.com: [GLPI #0000004] Novo acompanhamento Teste
2023-09-06 16:53:09 [@DELL-MINI-PC]
Um e-mail para tecnorav.teste@gmail.com foi adicionado à fila: [GLPI #0000004] Novo acompanhamento Teste
2023-09-06 16:53:09 [@DELL-MINI-PC]
Um e-mail para felipe.mariano1903@gmail.com foi adicionado à fila: [GLPI #0000004] Novo acompanhamento Teste
2023-09-06 16:53:15 [@DELL-MINI-PC]
Um e-mail foi enviado para tecnorav.teste@gmail.com: [GLPI #0000004] Novo acompanhamento Teste
2023-09-06 16:53:18 [@DELL-MINI-PC]
Um e-mail foi enviado para felipe.mariano1903@gmail.com: [GLPI #0000004] Novo acompanhamento Teste
2023-09-06 16:55:10 [2@DELL-MINI-PC]
Um e-mail para tecnorav.teste@gmail.com foi adicionado à fila: [GLPI #0000004] Novo acompanhamento Teste
2023-09-06 16:55:10 [2@DELL-MINI-PC]
Um e-mail para felipe.mariano1903@gmail.com foi adicionado à fila: [GLPI #0000004] Novo acompanhamento Teste
2023-09-06 16:56:11 [@DELL-MINI-PC]
Um e-mail foi enviado para tecnorav.teste@gmail.com: [GLPI #0000004] Novo acompanhamento Teste
2023-09-06 16:56:15 [@DELL-MINI-PC]
Um e-mail foi enviado para felipe.mariano1903@gmail.com: [GLPI #0000004] Novo acompanhamento Teste
2023-09-06 16:57:42 [2@DELL-MINI-PC]
Um e-mail para tecnorav.teste@gmail.com foi adicionado à fila: [GLPI #0000004] Novo acompanhamento Teste
2023-09-06 16:57:42 [2@DELL-MINI-PC]
Um e-mail para felipe.mariano1903@gmail.com foi adicionado à fila: [GLPI #0000004] Novo acompanhamento Teste
2023-09-06 16:58:10 [@DELL-MINI-PC]
Um e-mail foi enviado para tecnorav.teste@gmail.com: [GLPI #0000004] Novo acompanhamento Teste
2023-09-06 16:58:14 [@DELL-MINI-PC]
Um e-mail foi enviado para felipe.mariano1903@gmail.com: [GLPI #0000004] Novo acompanhamento Teste
2023-09-06 18:24:21 [@DELL-MINI-PC]
Um e-mail para tecnorav.teste@gmail.com foi adicionado à fila: [GLPI #0000005] 
2023-09-06 18:24:21 [@DELL-MINI-PC]
Um e-mail para felipe.mariano1903@gmail.com foi adicionado à fila: [GLPI #0000005] 
2023-09-06 18:24:27 [@DELL-MINI-PC]
Um e-mail foi enviado para tecnorav.teste@gmail.com: [GLPI #0000005] 
2023-09-06 19:03:47 [2@DELL-MINI-PC]
Um e-mail foi enviado para felipe.mariano1903@gmail.com: [GLPI #0000005] 
2023-09-06 19:09:56 [@DELL-MINI-PC]
Um e-mail para tecnorav.teste@gmail.com foi adicionado à fila: [GLPI #0000006] 
2023-09-06 19:09:56 [@DELL-MINI-PC]
Um e-mail para felipe.mariano1903@gmail.com foi adicionado à fila: [GLPI #0000006] 
2023-09-06 19:10:03 [@DELL-MINI-PC]
Um e-mail foi enviado para tecnorav.teste@gmail.com: [GLPI #0000006] 
2023-09-06 19:10:06 [@DELL-MINI-PC]
Um e-mail foi enviado para felipe.mariano1903@gmail.com: [GLPI #0000006] 
2023-09-08 09:43:38 [@DELL-MINI-PC]
Um e-mail para tecnorav.teste@gmail.com foi adicionado à fila: [Tecnorav #0000007] 
2023-09-08 09:43:38 [@DELL-MINI-PC]
Um e-mail para felipe.mariano1903@gmail.com foi adicionado à fila: [Tecnorav #0000007] 
2023-09-08 09:43:43 [@DELL-MINI-PC]
Um e-mail foi enviado para tecnorav.teste@gmail.com: [Tecnorav #0000007] 
2023-09-08 09:43:47 [@DELL-MINI-PC]
Um e-mail foi enviado para felipe.mariano1903@gmail.com: [Tecnorav #0000007] 
2023-09-08 10:27:18 [2@DELL-MINI-PC]
Um e-mail para tecnorav.teste@gmail.com foi adicionado à fila: [Tecnorav #0000007] Novo acompanhamento Preciso do envio de email para teste
2023-09-08 10:27:18 [2@DELL-MINI-PC]
Um e-mail para felipe.mariano1903@gmail.com foi adicionado à fila: [Tecnorav #0000007] Novo acompanhamento Preciso do envio de email para teste
2023-09-08 10:33:45 [@DELL-MINI-PC]
Um e-mail foi enviado para tecnorav.teste@gmail.com: [Tecnorav #0000007] Novo acompanhamento Preciso do envio de email para teste
2023-09-08 10:33:48 [@DELL-MINI-PC]
Um e-mail foi enviado para felipe.mariano1903@gmail.com: [Tecnorav #0000007] Novo acompanhamento Preciso do envio de email para teste
2023-09-08 10:38:55 [2@DELL-MINI-PC]
Um e-mail para tecnorav.teste@gmail.com foi adicionado à fila: [Tecnorav #0000007] Novo acompanhamento Preciso do envio de email para teste
2023-09-08 10:38:55 [2@DELL-MINI-PC]
Um e-mail para felipe.mariano1903@gmail.com foi adicionado à fila: [Tecnorav #0000007] Novo acompanhamento Preciso do envio de email para teste
2023-09-08 10:49:03 [@DELL-MINI-PC]
Um e-mail foi enviado para tecnorav.teste@gmail.com: [Tecnorav #0000007] Novo acompanhamento Preciso do envio de email para teste
2023-09-08 10:49:07 [@DELL-MINI-PC]
Um e-mail foi enviado para felipe.mariano1903@gmail.com: [Tecnorav #0000007] Novo acompanhamento Preciso do envio de email para teste
2023-09-08 11:24:16 [2@DELL-MINI-PC]
Um e-mail para tecnorav.teste@gmail.com foi adicionado à fila: [Tecnorav #0000007] Novo acompanhamento Preciso do envio de email para teste
2023-09-08 11:24:16 [2@DELL-MINI-PC]
Um e-mail para felipe.mariano1903@gmail.com foi adicionado à fila: [Tecnorav #0000007] Novo acompanhamento Preciso do envio de email para teste
2023-09-08 11:25:17 [@DELL-MINI-PC]
Um e-mail foi enviado para tecnorav.teste@gmail.com: [Tecnorav #0000007] Novo acompanhamento Preciso do envio de email para teste
2023-09-08 11:25:20 [@DELL-MINI-PC]
Um e-mail foi enviado para felipe.mariano1903@gmail.com: [Tecnorav #0000007] Novo acompanhamento Preciso do envio de email para teste
2023-09-08 11:38:02 [2@DELL-MINI-PC]
Um e-mail para tecnorav.teste@gmail.com foi adicionado à fila: [Tecnorav #0000007] Novo acompanhamento Preciso do envio de email para teste
2023-09-08 11:38:03 [2@DELL-MINI-PC]
Um e-mail para felipe.mariano1903@gmail.com foi adicionado à fila: [Tecnorav #0000007] Novo acompanhamento Preciso do envio de email para teste
2023-09-08 11:43:29 [@DELL-MINI-PC]
Um e-mail foi enviado para tecnorav.teste@gmail.com: [Tecnorav #0000007] Novo acompanhamento Preciso do envio de email para teste
2023-09-08 11:43:32 [@DELL-MINI-PC]
Um e-mail foi enviado para felipe.mariano1903@gmail.com: [Tecnorav #0000007] Novo acompanhamento Preciso do envio de email para teste
2023-09-08 12:55:22 [2@DELL-MINI-PC]
Um e-mail para tecnorav.teste@gmail.com foi adicionado à fila: [Tecnorav] Monitoramento de ações automáticas
2023-09-11 09:12:43 [@DELL-MINI-PC]
Um e-mail foi enviado para tecnorav.teste@gmail.com: [Tecnorav] Monitoramento de ações automáticas
2023-09-11 10:44:10 [@DELL-MINI-PC]
Um e-mail para tecnorav.teste@gmail.com foi adicionado à fila: [Tecnorav #0000008] 
2023-09-11 10:44:10 [@DELL-MINI-PC]
Um e-mail para felipe.mariano1903@gmail.com foi adicionado à fila: [Tecnorav #0000008] 
2023-09-11 10:44:15 [@DELL-MINI-PC]
Um e-mail foi enviado para tecnorav.teste@gmail.com: [Tecnorav #0000008] 
2023-09-11 10:44:18 [@DELL-MINI-PC]
Um e-mail foi enviado para felipe.mariano1903@gmail.com: [Tecnorav #0000008] 
2023-09-11 10:46:59 [2@DELL-MINI-PC]
Um e-mail foi enviado para tecnorav.teste@gmail.com: [Tecnorav] Relatórios de estatísticas GLPI
2023-09-11 11:28:06 [2@DELL-MINI-PC]
Um e-mail para tecnorav.teste@gmail.com foi adicionado à fila: [Tecnorav #0000008] Novo acompanhamento Envio de email para teste de abertura de chamado
2023-09-11 11:28:06 [2@DELL-MINI-PC]
Um e-mail para felipe.mariano1903@gmail.com foi adicionado à fila: [Tecnorav #0000008] Novo acompanhamento Envio de email para teste de abertura de chamado
2023-09-11 11:28:13 [@DELL-MINI-PC]
Um e-mail foi enviado para tecnorav.teste@gmail.com: [Tecnorav #0000008] Novo acompanhamento Envio de email para teste de abertura de chamado
2023-09-11 11:28:16 [@DELL-MINI-PC]
Um e-mail foi enviado para felipe.mariano1903@gmail.com: [Tecnorav #0000008] Novo acompanhamento Envio de email para teste de abertura de chamado
2023-09-11 11:31:09 [@DELL-MINI-PC]
Um e-mail para tecnorav.teste@gmail.com foi adicionado à fila: [Tecnorav #0000008] Novo acompanhamento Envio de email para teste de abertura de chamado
2023-09-11 11:31:09 [@DELL-MINI-PC]
Um e-mail para felipe.mariano1903@gmail.com foi adicionado à fila: [Tecnorav #0000008] Novo acompanhamento Envio de email para teste de abertura de chamado
2023-09-11 11:31:15 [@DELL-MINI-PC]
Um e-mail foi enviado para tecnorav.teste@gmail.com: [Tecnorav #0000008] Novo acompanhamento Envio de email para teste de abertura de chamado
2023-09-11 11:31:18 [@DELL-MINI-PC]
Um e-mail foi enviado para felipe.mariano1903@gmail.com: [Tecnorav #0000008] Novo acompanhamento Envio de email para teste de abertura de chamado
2023-09-11 11:37:17 [2@DELL-MINI-PC]
Um e-mail para tecnorav.teste@gmail.com foi adicionado à fila: [Tecnorav #0000008] Novo acompanhamento Envio de email para teste de abertura de chamado
2023-09-11 11:37:18 [2@DELL-MINI-PC]
Um e-mail para felipe.mariano1903@gmail.com foi adicionado à fila: [Tecnorav #0000008] Novo acompanhamento Envio de email para teste de abertura de chamado
2023-09-11 11:38:11 [@DELL-MINI-PC]
Um e-mail foi enviado para tecnorav.teste@gmail.com: [Tecnorav #0000008] Novo acompanhamento Envio de email para teste de abertura de chamado
2023-09-11 11:38:15 [@DELL-MINI-PC]
Um e-mail foi enviado para felipe.mariano1903@gmail.com: [Tecnorav #0000008] Novo acompanhamento Envio de email para teste de abertura de chamado
2023-09-13 09:06:27 [2@DELL-MINI-PC]
Um e-mail para tecnorav.teste@gmail.com foi adicionado à fila: [Tecnorav #0000008] Chamado solucionado Envio de email para teste de abertura de chamado
2023-09-13 09:06:27 [2@DELL-MINI-PC]
Um e-mail para felipe.mariano1903@gmail.com foi adicionado à fila: [Tecnorav #0000008] Chamado solucionado Envio de email para teste de abertura de chamado
2023-09-13 09:06:52 [2@DELL-MINI-PC]
Um e-mail para tecnorav.teste@gmail.com foi adicionado à fila: [Tecnorav #0000001] Chamado solucionado Verificando a abertura de chamados por email
2023-09-13 09:06:52 [2@DELL-MINI-PC]
Um e-mail para felipe.mariano1903@gmail.com foi adicionado à fila: [Tecnorav #0000001] Chamado solucionado Verificando a abertura de chamados por email
2023-09-13 09:06:52 [2@DELL-MINI-PC]
Um e-mail para tecnorav.teste@gmail.com foi adicionado à fila: [Tecnorav #0000002] Chamado solucionado Enviando email para teste de Scrip cron.php
2023-09-13 09:06:52 [2@DELL-MINI-PC]
Um e-mail para felipe.mariano1903@gmail.com foi adicionado à fila: [Tecnorav #0000002] Chamado solucionado Enviando email para teste de Scrip cron.php
2023-09-13 09:06:52 [2@DELL-MINI-PC]
Um e-mail para tecnorav.teste@gmail.com foi adicionado à fila: [Tecnorav #0000004] Chamado solucionado Teste
2023-09-13 09:06:53 [2@DELL-MINI-PC]
Um e-mail para felipe.mariano1903@gmail.com foi adicionado à fila: [Tecnorav #0000004] Chamado solucionado Teste
2023-09-13 09:06:53 [2@DELL-MINI-PC]
Um e-mail para tecnorav.teste@gmail.com foi adicionado à fila: [Tecnorav #0000005] Chamado solucionado Teste
2023-09-13 09:06:53 [2@DELL-MINI-PC]
Um e-mail para felipe.mariano1903@gmail.com foi adicionado à fila: [Tecnorav #0000005] Chamado solucionado Teste
2023-09-13 09:06:53 [2@DELL-MINI-PC]
Um e-mail para tecnorav.teste@gmail.com foi adicionado à fila: [Tecnorav #0000006] Chamado solucionado Teste
2023-09-13 09:06:53 [2@DELL-MINI-PC]
Um e-mail para felipe.mariano1903@gmail.com foi adicionado à fila: [Tecnorav #0000006] Chamado solucionado Teste
2023-09-13 09:06:53 [2@DELL-MINI-PC]
Um e-mail para tecnorav.teste@gmail.com foi adicionado à fila: [Tecnorav #0000007] Chamado solucionado Preciso do envio de email para teste
2023-09-13 09:06:53 [2@DELL-MINI-PC]
Um e-mail para felipe.mariano1903@gmail.com foi adicionado à fila: [Tecnorav #0000007] Chamado solucionado Preciso do envio de email para teste
2023-09-13 09:07:11 [@DELL-MINI-PC]
Um e-mail foi enviado para tecnorav.teste@gmail.com: [Tecnorav #0000008] Chamado solucionado Envio de email para teste de abertura de chamado
2023-09-13 09:07:14 [@DELL-MINI-PC]
Um e-mail foi enviado para felipe.mariano1903@gmail.com: [Tecnorav #0000008] Chamado solucionado Envio de email para teste de abertura de chamado
2023-09-13 09:07:18 [@DELL-MINI-PC]
Um e-mail foi enviado para tecnorav.teste@gmail.com: [Tecnorav #0000001] Chamado solucionado Verificando a abertura de chamados por email
2023-09-13 09:07:21 [@DELL-MINI-PC]
Um e-mail foi enviado para felipe.mariano1903@gmail.com: [Tecnorav #0000001] Chamado solucionado Verificando a abertura de chamados por email
2023-09-13 09:07:25 [@DELL-MINI-PC]
Um e-mail foi enviado para tecnorav.teste@gmail.com: [Tecnorav #0000002] Chamado solucionado Enviando email para teste de Scrip cron.php
2023-09-13 09:07:29 [@DELL-MINI-PC]
Um e-mail foi enviado para felipe.mariano1903@gmail.com: [Tecnorav #0000002] Chamado solucionado Enviando email para teste de Scrip cron.php
2023-09-13 09:07:33 [@DELL-MINI-PC]
Um e-mail foi enviado para tecnorav.teste@gmail.com: [Tecnorav #0000004] Chamado solucionado Teste
2023-09-13 09:07:38 [@DELL-MINI-PC]
Um e-mail foi enviado para felipe.mariano1903@gmail.com: [Tecnorav #0000004] Chamado solucionado Teste
2023-09-13 09:07:41 [@DELL-MINI-PC]
Um e-mail foi enviado para tecnorav.teste@gmail.com: [Tecnorav #0000005] Chamado solucionado Teste
2023-09-13 09:07:45 [@DELL-MINI-PC]
Um e-mail foi enviado para felipe.mariano1903@gmail.com: [Tecnorav #0000005] Chamado solucionado Teste
2023-09-13 09:07:48 [@DELL-MINI-PC]
Um e-mail foi enviado para tecnorav.teste@gmail.com: [Tecnorav #0000006] Chamado solucionado Teste
2023-09-13 09:07:52 [@DELL-MINI-PC]
Um e-mail foi enviado para felipe.mariano1903@gmail.com: [Tecnorav #0000006] Chamado solucionado Teste
2023-09-13 09:07:56 [@DELL-MINI-PC]
Um e-mail foi enviado para tecnorav.teste@gmail.com: [Tecnorav #0000007] Chamado solucionado Preciso do envio de email para teste
2023-09-13 09:07:59 [@DELL-MINI-PC]
Um e-mail foi enviado para felipe.mariano1903@gmail.com: [Tecnorav #0000007] Chamado solucionado Preciso do envio de email para teste
2023-09-13 10:04:04 [@DELL-MINI-PC]
Um e-mail para tecnorav.teste@gmail.com foi adicionado à fila: [Tecnorav] Erros de destinatário
2023-09-13 10:05:08 [@DELL-MINI-PC]
Um e-mail foi enviado para tecnorav.teste@gmail.com: [Tecnorav] Erros de destinatário
2023-09-13 10:05:08 [@DELL-MINI-PC]
Um e-mail para tecnorav.teste@gmail.com foi adicionado à fila: [Tecnorav] Erros de destinatário
2023-09-13 10:06:07 [@DELL-MINI-PC]
Um e-mail foi enviado para tecnorav.teste@gmail.com: [Tecnorav] Erros de destinatário
2023-09-13 10:06:07 [@DELL-MINI-PC]
Um e-mail para central.teste.tecnorav@gmail.com foi adicionado à fila: [Tecnorav] Erros de destinatário
2023-09-13 10:07:08 [@DELL-MINI-PC]
Um e-mail foi enviado para central.teste.tecnorav@gmail.com: [Tecnorav] Erros de destinatário
2023-09-13 10:07:08 [@DELL-MINI-PC]
Um e-mail para central.teste.tecnorav@gmail.com foi adicionado à fila: [Tecnorav] Erros de destinatário
2023-09-13 10:08:07 [@DELL-MINI-PC]
Um e-mail foi enviado para central.teste.tecnorav@gmail.com: [Tecnorav] Erros de destinatário
2023-09-13 10:08:07 [@DELL-MINI-PC]
Um e-mail para central.teste.tecnorav@gmail.com foi adicionado à fila: [Tecnorav] Erros de destinatário
2023-09-13 10:09:09 [@DELL-MINI-PC]
Um e-mail foi enviado para central.teste.tecnorav@gmail.com: [Tecnorav] Erros de destinatário
2023-09-13 11:35:05 [@DELL-MINI-PC]
Um e-mail para central.teste.tecnorav@gmail.com foi adicionado à fila: [Tecnorav] Erros de destinatário
2023-09-13 11:36:09 [@DELL-MINI-PC]
Um e-mail foi enviado para central.teste.tecnorav@gmail.com: [Tecnorav] Erros de destinatário
2023-09-13 14:15:50 [2@DELL-MINI-PC]
Um e-mail para central.teste.tecnorav@gmail.com foi adicionado à fila: [Tecnorav #0000009] 
2023-09-13 14:16:08 [@DELL-MINI-PC]
Um e-mail foi enviado para central.teste.tecnorav@gmail.com: [Tecnorav #0000009] 
2023-09-13 14:17:28 [2@DELL-MINI-PC]
Um e-mail para central.teste.tecnorav@gmail.com foi adicionado à fila: [Tecnorav #0000009] Novo acompanhamento Teste
2023-09-13 14:18:09 [@DELL-MINI-PC]
Um e-mail foi enviado para central.teste.tecnorav@gmail.com: [Tecnorav #0000009] Novo acompanhamento Teste
2023-09-13 14:24:38 [2@DELL-MINI-PC]
Um e-mail para central.teste.tecnorav@gmail.com foi adicionado à fila: [Tecnorav #0000009] Novo acompanhamento Teste
2023-09-13 14:25:09 [@DELL-MINI-PC]
Um e-mail foi enviado para central.teste.tecnorav@gmail.com: [Tecnorav #0000009] Novo acompanhamento Teste
2023-09-13 16:28:03 [@DELL-MINI-PC]
Um e-mail para central.teste.tecnorav@gmail.com foi adicionado à fila: [Tecnorav] Erros de destinatário
2023-09-13 16:29:08 [@DELL-MINI-PC]
Um e-mail foi enviado para central.teste.tecnorav@gmail.com: [Tecnorav] Erros de destinatário
2023-09-13 16:29:08 [@DELL-MINI-PC]
Um e-mail para central.teste.tecnorav@gmail.com foi adicionado à fila: [Tecnorav] Erros de destinatário
2023-09-13 16:30:07 [@DELL-MINI-PC]
Um e-mail foi enviado para central.teste.tecnorav@gmail.com: [Tecnorav] Erros de destinatário
2023-09-13 16:30:07 [@DELL-MINI-PC]
Um e-mail para central.teste.tecnorav@gmail.com foi adicionado à fila: [Tecnorav] Erros de destinatário
2023-09-13 16:31:08 [@DELL-MINI-PC]
Um e-mail foi enviado para central.teste.tecnorav@gmail.com: [Tecnorav] Erros de destinatário
2023-09-13 16:31:08 [@DELL-MINI-PC]
Um e-mail para central.teste.tecnorav@gmail.com foi adicionado à fila: [Tecnorav] Erros de destinatário
2023-09-13 16:32:06 [@DELL-MINI-PC]
Um e-mail foi enviado para central.teste.tecnorav@gmail.com: [Tecnorav] Erros de destinatário
2023-09-13 16:32:07 [@DELL-MINI-PC]
Um e-mail para central.teste.tecnorav@gmail.com foi adicionado à fila: [Tecnorav] Erros de destinatário
2023-09-13 16:33:07 [@DELL-MINI-PC]
Um e-mail foi enviado para central.teste.tecnorav@gmail.com: [Tecnorav] Erros de destinatário
2023-09-13 16:33:07 [@DELL-MINI-PC]
Um e-mail para central.teste.tecnorav@gmail.com foi adicionado à fila: [Tecnorav] Erros de destinatário
2023-09-13 16:34:08 [@DELL-MINI-PC]
Um e-mail foi enviado para central.teste.tecnorav@gmail.com: [Tecnorav] Erros de destinatário
2023-09-13 17:05:11 [@DELL-MINI-PC]
Um e-mail para central.teste.tecnorav@gmail.com foi adicionado à fila: [Tecnorav] Erros de destinatário
2023-09-13 17:06:15 [@DELL-MINI-PC]
Um e-mail foi enviado para central.teste.tecnorav@gmail.com: [Tecnorav] Erros de destinatário
2023-09-13 17:06:16 [@DELL-MINI-PC]
Um e-mail para central.teste.tecnorav@gmail.com foi adicionado à fila: [Tecnorav] Erros de destinatário
2023-09-13 17:07:15 [@DELL-MINI-PC]
Um e-mail foi enviado para central.teste.tecnorav@gmail.com: [Tecnorav] Erros de destinatário
2023-09-13 17:07:15 [@DELL-MINI-PC]
Um e-mail para central.teste.tecnorav@gmail.com foi adicionado à fila: [Tecnorav] Erros de destinatário
2023-09-13 17:08:14 [@DELL-MINI-PC]
Um e-mail foi enviado para central.teste.tecnorav@gmail.com: [Tecnorav] Erros de destinatário
2023-09-13 17:08:14 [@DELL-MINI-PC]
Um e-mail para central.teste.tecnorav@gmail.com foi adicionado à fila: [Tecnorav] Erros de destinatário
2023-09-13 17:09:15 [@DELL-MINI-PC]
Um e-mail foi enviado para central.teste.tecnorav@gmail.com: [Tecnorav] Erros de destinatário
2023-09-13 17:09:16 [@DELL-MINI-PC]
Um e-mail para central.teste.tecnorav@gmail.com foi adicionado à fila: [Tecnorav] Erros de destinatário
2023-09-13 17:10:15 [@DELL-MINI-PC]
Um e-mail foi enviado para central.teste.tecnorav@gmail.com: [Tecnorav] Erros de destinatário
2023-09-13 17:10:15 [@DELL-MINI-PC]
Um e-mail para central.teste.tecnorav@gmail.com foi adicionado à fila: [Tecnorav] Erros de destinatário
2023-09-13 17:11:15 [@DELL-MINI-PC]
Um e-mail foi enviado para central.teste.tecnorav@gmail.com: [Tecnorav] Erros de destinatário
2023-09-13 17:11:15 [@DELL-MINI-PC]
Um e-mail para central.teste.tecnorav@gmail.com foi adicionado à fila: [Tecnorav] Erros de destinatário
2023-09-13 17:12:09 [@DELL-MINI-PC]
Um e-mail foi enviado para central.teste.tecnorav@gmail.com: [Tecnorav] Erros de destinatário
2023-09-13 17:17:11 [@DELL-MINI-PC]
Um e-mail para central.teste.tecnorav@gmail.com foi adicionado à fila: [Tecnorav] Erros de destinatário
2023-09-13 17:18:08 [@DELL-MINI-PC]
Um e-mail foi enviado para central.teste.tecnorav@gmail.com: [Tecnorav] Erros de destinatário
2023-09-13 17:31:21 [2@DELL-MINI-PC]
Um e-mail para central.teste.tecnorav@gmail.com foi adicionado à fila: [Tecnorav #0000009] Chamado solucionado Teste
2023-09-13 17:32:08 [@DELL-MINI-PC]
Um e-mail foi enviado para central.teste.tecnorav@gmail.com: [Tecnorav #0000009] Chamado solucionado Teste
2023-09-13 17:32:09 [2@DELL-MINI-PC]
Um e-mail para central.teste.tecnorav@gmail.com foi adicionado à fila: [Tecnorav #0000009] Encerramento do chamado Teste
2023-09-13 17:32:10 [2@DELL-MINI-PC]
Um e-mail para central.teste.tecnorav@gmail.com foi adicionado à fila: [Tecnorav #0000009] Novo acompanhamento Teste
2023-09-13 17:33:09 [@DELL-MINI-PC]
Um e-mail foi enviado para central.teste.tecnorav@gmail.com: [Tecnorav #0000009] Encerramento do chamado Teste
2023-09-13 17:33:13 [@DELL-MINI-PC]
Um e-mail foi enviado para central.teste.tecnorav@gmail.com: [Tecnorav #0000009] Novo acompanhamento Teste
